Removed Pin From Net: NetName=NetDAC_8 Pin=DAC-8
Removed Pin From Net: NetName=NetDAC_8 Pin=U1-5
Removed Pin From Net: NetName=NetR01_2 Pin=U1-6
Removed Pin From Net: NetName=NetR4_1 Pin=U1-7
Change Component Comment : Designator= Old Comment=330 New Comment=330.
Change Component Comment : Designator= Old Comment=330R New Comment=330R,
Change Component Comment : Designator= Old Comment=330R New Comment=330R.
Added Component: Designator=C1(HDR1X2)
Add component. Clean all parameters for all variants
Add component (AddParameter): Name = "LatestRevisionDate"; Value = "17-Jul-2002"; VariantName = "[No Variations]"
Add component (AddParameter): Name = "LatestRevisionNote"; Value = "Re-released for DXP Platform."; VariantName = "[No Variations]"
Add component (AddParameter): Name = "Publisher"; Value = "Altium Limited"; VariantName = "[No Variations]"
Added Pin To Net: NetName=NetC1_1 Pin=C1-1
Added Pin To Net: NetName=GND Pin=C1-2
Added Pin To Net: NetName=NetDAC_8 Pin=DAC-8
Added Pin To Net: NetName=NetR4_1 Pin=U1-1
Added Pin To Net: NetName=NetR01_2 Pin=U1-2
Added Pin To Net: NetName=NetDAC_8 Pin=U1-3
Added Member To Class: ClassName=BBB_PCB Member=Component C1 Comment
Added Member To Class: ClassName=BBB_PCB Member=Component C1
Added Member To Class: ClassName=BBB_PCB Member=Component DAC MCP4921-E/MS
Added Member To Class: ClassName=BBB_PCB Member=Component P1 Header 5
Added Member To Class: ClassName=BBB_PCB Member=Component P2 5-146280-2
Added Member To Class: ClassName=BBB_PCB Member=Component  330R
Added Member To Class: ClassName=BBB_PCB Member=Component  330R.
Added Member To Class: ClassName=BBB_PCB Member=Component  330
Added Member To Class: ClassName=BBB_PCB Member=Component  330
Added Member To Class: ClassName=BBB_PCB Member=Component  330
Added Member To Class: ClassName=BBB_PCB Member=Component  330
Added Member To Class: ClassName=BBB_PCB Member=Component  330.
Added Member To Class: ClassName=BBB_PCB Member=Component  330R
Added Member To Class: ClassName=BBB_PCB Member=Component  330R,
