Removed Pin From Net: NetName=NetDAC_8 Pin=DAC-8
Removed Pin From Net: NetName=NetOP_1 Pin=OP-1
Removed Pin From Net: NetName=NetOP_2 Pin=OP-2
Removed Pin From Net: NetName=NetDAC_8 Pin=OP-3
Removed Pin From Net: NetName=GND Pin=OP-4
Removed Pin From Net: NetName=NetOP_8 Pin=OP-8
Removed Pin From Net: NetName=NetOP_2 Pin=R10-2
Removed Pin From Net: NetName=NetOP_2 Pin=R12-1
Removed Pin From Net: NetName=NetOP_1 Pin=R12-2
Change Component Footprint: Designator=OP Old Footprint=D0008A_N New Footprint=HDR1X2
Change Component Footprint: Designator=R12 Old Footprint=RESC1609X50X30ML10T20 New Footprint=RESC1005X40X25NL05T05
Change Component Comment : Designator=R12 Old Comment=2.7k New Comment=560
Change Component Comment : Designator=R01 Old Comment=560 New Comment=LM358ADR2G
Change Component Comment : Designator=OP Old Comment=LM358AM/NOPB New Comment=C1
Change Component Designator: OldDesignator=OP NewDesignator=P?
Change Component Designator: OldDesignator=R01 NewDesignator=OP
Change Component Designator: OldDesignator=R12 NewDesignator=R01
Change component parameters: Designator = "R01"; Footprint = "RESC1005X40X25NL05T05"; UniqueID = "\YEKFYVNK"
Change component parameters. Clean all parameters for all variants
Change component parameters (AddParameter): Name = "Manufacturer"; Value = "Vishay Dale"; VariantName = "[No Variations]"
Change component parameters (AddParameter): Name = "Part Number"; Value = "CRCW0402560RFKED"; VariantName = "[No Variations]"
Change component parameters: Designator = "P?"; Footprint = "HDR1X2"; UniqueID = "\GPKYCMOB"
Change component parameters. Clean all parameters for all variants
Change component parameters (AddParameter): Name = "LatestRevisionDate"; Value = "17-Jul-2002"; VariantName = "[No Variations]"
Change component parameters (AddParameter): Name = "LatestRevisionNote"; Value = "Re-released for DXP Platform."; VariantName = "[No Variations]"
Change component parameters (AddParameter): Name = "Publisher"; Value = "Altium Limited"; VariantName = "[No Variations]"
Change component parameters: Designator = "OP"; Footprint = "ONSC-SOIC-8-751-07_V"; UniqueID = "\DCCVPAUU"
Change component parameters. Clean all parameters for all variants
Change component parameters (AddParameter): Name = "ComponentLink1Description"; Value = "Manufacturer URL"; VariantName = "[No Variations]"
Change component parameters (AddParameter): Name = "ComponentLink1URL"; Value = "http://www.onsemi.com/"; VariantName = "[No Variations]"
Change component parameters (AddParameter): Name = "ComponentLink2Description"; Value = "Datasheet"; VariantName = "[No Variations]"
Change component parameters (AddParameter): Name = "ComponentLink2URL"; Value = "http://www.onsemi.cn/pub_link/Collateral/LM358-D.PDF"; VariantName = "[No Variations]"
Change component parameters (AddParameter): Name = "ComponentLink3Description"; Value = "Package Specification"; VariantName = "[No Variations]"
Change component parameters (AddParameter): Name = "ComponentLink3URL"; Value = "http://www.onsemi.com/pub_link/Collateral/751-07.PDF"; VariantName = "[No Variations]"
Change component parameters (AddParameter): Name = "DatasheetVersion"; Value = "Rev. 27"; VariantName = "[No Variations]"
Change component parameters (AddParameter): Name = "Manufacturer"; Value = "On Semiconductor"; VariantName = "[No Variations]"
Change component parameters (AddParameter): Name = "Mounting Technology"; Value = "Surface Mount"; VariantName = "[No Variations]"
Change component parameters (AddParameter): Name = "PackageDescription"; Value = "8-Pin Small Outline Integrated Circuit, Body 4.9 x 3.9 mm, Pitch 1.27 mm"; VariantName = "[No Variations]"
Change component parameters (AddParameter): Name = "PackageReference"; Value = "SOIC-8-751-07"; VariantName = "[No Variations]"
Change component parameters (AddParameter): Name = "PackageVersion"; Value = "Rev. AK, 02/2011"; VariantName = "[No Variations]"
Change component parameters (AddParameter): Name = "Packing"; Value = "Tape and Reel"; VariantName = "[No Variations]"
Change component parameters (AddParameter): Name = "PartNumber"; Value = "LM358ADR2G"; VariantName = "[No Variations]"
Change component parameters (AddParameter): Name = "RoHS"; Value = "TRUE"; VariantName = "[No Variations]"
Change component parameters (AddParameter): Name = "VCC Max (V)"; Value = "32"; VariantName = "[No Variations]"
Change component parameters (AddParameter): Name = "VCC Min (V)"; Value = "3"; VariantName = "[No Variations]"
Added Component: Designator=R12(RESC1609X50X30ML10T20)
Add component. Clean all parameters for all variants
Add component (AddParameter): Name = "Manufacturer"; Value = "Vishay Dale"; VariantName = "[No Variations]"
Add component (AddParameter): Name = "Part Number"; Value = "CRCW06032K70FKEA"; VariantName = "[No Variations]"
Added Pin To Net: NetName=NetDAC_8 Pin=DAC-8
Added Pin To Net: NetName=NetOP_1 Pin=OP-1
Added Pin To Net: NetName=NetOP_2 Pin=OP-2
Added Pin To Net: NetName=NetC1_2 Pin=P?-1
Added Pin To Net: NetName=GND Pin=P?-2
Added Pin To Net: NetName=GND Pin=R01-1
Added Pin To Net: NetName=NetOP_2 Pin=R01-2
Added Pin To Net: NetName=NetOP_2 Pin=R12-1
Added Pin To Net: NetName=NetOP_1 Pin=R12-2
Added Pin To Net: NetName=NetR4_1 Pin=R21-2
Added Pin To Net: NetName=NetR10_2 Pin=R10-2
Added Pin To Net: NetName=NetR10_2 Pin=R21-1
Added Net: Name=NetR10_2
Added Member To Class: ClassName=BBB_PCB Member=Component DAC MCP4921-E/MS
Added Member To Class: ClassName=BBB_PCB Member=Component OP LM358ADR2G
Added Member To Class: ClassName=BBB_PCB Member=Component P1 Header 5
Added Member To Class: ClassName=BBB_PCB Member=Component P2 5-146280-2
Added Member To Class: ClassName=BBB_PCB Member=Component P? C1
Added Member To Class: ClassName=BBB_PCB Member=Component R01 560
Added Member To Class: ClassName=BBB_PCB Member=Component R10 560
Added Member To Class: ClassName=BBB_PCB Member=Component R12 330R
Added Member To Class: ClassName=BBB_PCB Member=Component R12 2.7k
Added Member To Class: ClassName=BBB_PCB Member=Component R21 2.7k
Added Member To Class: ClassName=BBB_PCB Member=Component  330
Added Member To Class: ClassName=BBB_PCB Member=Component  330
Added Member To Class: ClassName=BBB_PCB Member=Component  330
Added Member To Class: ClassName=BBB_PCB Member=Component  330
Added Member To Class: ClassName=BBB_PCB Member=Component  330R
Added Member To Class: ClassName=BBB_PCB Member=Component  330
Added Member To Class: ClassName=BBB_PCB Member=Component  330R
Added Member To Class: ClassName=BBB_PCB Member=Component  330
Added Member To Class: ClassName=BBB_PCB Member=Component  330R
Added Member To Class: ClassName=BBB_PCB Member=Component  330R
