Added Component: Designator=R?(RESC0603(1608)_L)
Add component. Clean all parameters for all variants
Add component (AddParameter): Name = "Case-EIA"; Value = "0603"; VariantName = "[No Variations]"
Add component (AddParameter): Name = "Case-Metric"; Value = "1608"; VariantName = "[No Variations]"
Add component (AddParameter): Name = "Power"; Value = "0.1 W"; VariantName = "[No Variations]"
Add component (AddParameter): Name = "Technology"; Value = "SMT"; VariantName = "[No Variations]"
Add component (AddParameter): Name = "Tolerance"; Value = "1 %"; VariantName = "[No Variations]"
Add component (AddParameter): Name = "Value"; Value = "330.00 Ohm"; VariantName = "[No Variations]"
Added Pin To Net: NetName=NetP8_46 Pin=R?-1
Added Pin To Net: NetName=NetP?_5 Pin=R?-2
Added Member To Class: ClassName=BBB_PCB Member=Component DAC MCP4921-E/MS
Added Member To Class: ClassName=BBB_PCB Member=Component P? Header 5
Added Member To Class: ClassName=BBB_PCB Member=Component P? C1
Added Member To Class: ClassName=BBB_PCB Member=Component Power HSMG-C150
Added Member To Class: ClassName=BBB_PCB Member=Component R12 2.7k
Added Member To Class: ClassName=BBB_PCB Member=Component R? 330
Added Member To Class: ClassName=BBB_PCB Member=Component R? 330R
Added Member To Class: ClassName=BBB_PCB Member=Component R? 330R
Added Member To Class: ClassName=BBB_PCB Member=Component R? 330
Added Member To Class: ClassName=BBB_PCB Member=Component R? 330
Added Member To Class: ClassName=BBB_PCB Member=Component R? 330R
Added Member To Class: ClassName=BBB_PCB Member=Component R? 330
Added Member To Class: ClassName=BBB_PCB Member=Component R? 330
Added Member To Class: ClassName=BBB_PCB Member=Component R? 330
Added Member To Class: ClassName=BBB_PCB Member=Component R? 330R
