Removed Pin From Net: NetName=NetDAC_8 Pin=DAC-8
Removed Pin From Net: NetName=GND Pin=Joystick-7
Removed Pin From Net: NetName=NetJoystick_6 Pin=Joystick-8
Removed Pin From Net: NetName=NetJoystick_2 Pin=OMNI-4
Removed Pin From Net: NetName=NetJoystick_1 Pin=OMNI-5
Removed Pin From Net: NetName=NetJoystick_6 Pin=OMNI-7
Removed Pin From Net: NetName=GND Pin=OMNI-8
Removed Pin From Net: NetName=NetJoystick_1 Pin=P1-1
Removed Pin From Net: NetName=NetJoystick_1 Pin=P2-1
Removed Pin From Net: NetName=NetJoystick_6 Pin=R1-1
Removed Pin From Net: NetName=NetJoystick_4 Pin=R?-1
Removed Pin From Net: NetName=NetOMNI_1 Pin=R?-2
Added Component: Designator=C1(HDR1X2)
Add component. Clean all parameters for all variants
Add component (AddParameter): Name = "LatestRevisionDate"; Value = "17-Jul-2002"; VariantName = "[No Variations]"
Add component (AddParameter): Name = "LatestRevisionNote"; Value = "Re-released for DXP Platform."; VariantName = "[No Variations]"
Add component (AddParameter): Name = "Publisher"; Value = "Altium Limited"; VariantName = "[No Variations]"
Added Pin To Net: NetName=NetC1_1 Pin=C1-1
Added Pin To Net: NetName=GND Pin=C1-2
Added Pin To Net: NetName=NetDAC_8 Pin=DAC-8
Added Pin To Net: NetName=GND Pin=Joystick-5
Added Pin To Net: NetName=GND Pin=Joystick-8
Added Pin To Net: NetName=NetJoystick_4 Pin=OMNI-2
Added Pin To Net: NetName=GND Pin=OMNI-7
Added Pin To Net: NetName=NetOMNI_1 Pin=P1-1
Added Pin To Net: NetName=NetOMNI_1 Pin=P2-1
Added Pin To Net: NetName=NetJoystick_1 Pin=R?-1
Added Pin To Net: NetName=NetJoystick_2 Pin=R?-1
Added Pin To Net: NetName=NetJoystick_7 Pin=Joystick-7
Added Pin To Net: NetName=NetJoystick_7 Pin=Joystick-9
Added Net: Name=NetJoystick_7
Added Pin To Net: NetName=NetOMNI_4 Pin=OMNI-4
Added Pin To Net: NetName=NetOMNI_4 Pin=R?-2
Added Net: Name=NetOMNI_4
Added Pin To Net: NetName=NetOMNI_5 Pin=OMNI-5
Added Pin To Net: NetName=NetOMNI_5 Pin=R?-2
Added Net: Name=NetOMNI_5
Added Pin To Net: NetName=NetOMNI_6 Pin=OMNI-6
Added Pin To Net: NetName=NetOMNI_6 Pin=OMNI-8
Added Net: Name=NetOMNI_6
Added Pin To Net: NetName=NetR1_1 Pin=R1-1
Added Net: Name=NetR1_1
Added Member To Class: ClassName=BBB_PCB Member=Component C1 Comment
Added Member To Class: ClassName=BBB_PCB Member=Component C1
Added Member To Class: ClassName=BBB_PCB Member=Component DAC MCP4921-E/MS
Added Member To Class: ClassName=BBB_PCB Member=Component P1 Header 5
Added Member To Class: ClassName=BBB_PCB Member=Component P2 5-146280-2
Added Member To Class: ClassName=BBB_PCB Member=Component R7 560
Added Member To Class: ClassName=BBB_PCB Member=Component R9 560
Added Member To Class: ClassName=BBB_PCB Member=Component R? (R8) 1K 5% 2010(5025)
Added Member To Class: ClassName=BBB_PCB Member=Component R? (R4) 1K8 5% 2512(6432)
Added Member To Class: ClassName=BBB_PCB Member=Component R? (R6) 1K 5% 2010(5025)
Added Member To Class: ClassName=BBB_PCB Member=Component R? (R3) 1K8 5% 2512(6432)
Added Member To Class: ClassName=BBB_PCB Member=Component R? (R2) 820
Added Member To Class: ClassName=BBB_PCB Member=Component  330
Added Member To Class: ClassName=BBB_PCB Member=Component  330.
Added Member To Class: ClassName=BBB_PCB Member=Component  330R.
Added Member To Class: ClassName=BBB_PCB Member=Component  330R
Added Member To Class: ClassName=BBB_PCB Member=Component  330R
Added Member To Class: ClassName=BBB_PCB Member=Component  330
Added Member To Class: ClassName=BBB_PCB Member=Component  330
Added Member To Class: ClassName=BBB_PCB Member=Component  330
Added Member To Class: ClassName=BBB_PCB Member=Component  330R
Added Member To Class: ClassName=BBB_PCB Member=Component  330
Added Member To Class: ClassName=BBB_PCB Member=Component U1 LM358AM
