Removed Pin From Net: NetName=NetDAC_8 Pin=DAC-8
Removed Pin From Net: NetName=NetDAC_8 Pin=OP-3
Removed Pin From Net: NetName=GND Pin=OP-4
Removed Member From Class: ClassName=BBB_PCB Member=OP
Added Component: Designator=P?(HDR1X2)
Add component. Clean all parameters for all variants
Add component (AddParameter): Name = "LatestRevisionDate"; Value = "17-Jul-2002"; VariantName = "[No Variations]"
Add component (AddParameter): Name = "LatestRevisionNote"; Value = "Re-released for DXP Platform."; VariantName = "[No Variations]"
Add component (AddParameter): Name = "Publisher"; Value = "Altium Limited"; VariantName = "[No Variations]"
Added Component: Designator=R01(RESC1005X40X25NL05T05)
Add component. Clean all parameters for all variants
Add component (AddParameter): Name = "Manufacturer"; Value = "Vishay Dale"; VariantName = "[No Variations]"
Add component (AddParameter): Name = "Part Number"; Value = "CRCW0402560RFKED"; VariantName = "[No Variations]"
Added Component: Designator=R21(RESC1609X50X30ML10T20)
Add component. Clean all parameters for all variants
Add component (AddParameter): Name = "Manufacturer"; Value = "Vishay Dale"; VariantName = "[No Variations]"
Add component (AddParameter): Name = "Part Number"; Value = "CRCW06032K70FKEA"; VariantName = "[No Variations]"
Added Component: Designator=R?(RESC3216X60X45NL10T20)
Add component. Clean all parameters for all variants
Add component (AddParameter): Name = "Manufacturer"; Value = "Vishay Dale"; VariantName = "[No Variations]"
Add component (AddParameter): Name = "Part Number"; Value = "CRCW12061K80FKEA"; VariantName = "[No Variations]"
Added Pin To Net: NetName=NetDAC_8 Pin=DAC-8
Added Pin To Net: NetName=NetC1_2 Pin=P?-1
Added Pin To Net: NetName=GND Pin=P?-2
Added Pin To Net: NetName=GND Pin=R01-1
Added Pin To Net: NetName=NetOP?_1 Pin=R3-1
Added Pin To Net: NetName=NetOP?_1 Pin=R12-2
Added Net: Name=NetOP?_1
Added Pin To Net: NetName=NetOP?_2 Pin=R10-2
Added Pin To Net: NetName=NetOP?_2 Pin=R12-1
Added Net: Name=NetOP?_2
Added Pin To Net: NetName=NetOP?_7 Pin=R4-1
Added Net: Name=NetOP?_7
Added Pin To Net: NetName=NetOP?_8 Pin=R1-2
Added Pin To Net: NetName=NetOP?_8 Pin=R2-1
Added Net: Name=NetOP?_8
Added Pin To Net: NetName=NetR01_2 Pin=R01-2
Added Pin To Net: NetName=NetR01_2 Pin=R21-1
Added Net: Name=NetR01_2
Added Member To Class: ClassName=BBB_PCB Member=Component DAC MCP4921-E/MS
Added Member To Class: ClassName=BBB_PCB Member=Component P1 Header 5
Added Member To Class: ClassName=BBB_PCB Member=Component P2 5-146280-2
Added Member To Class: ClassName=BBB_PCB Member=Component P? C1
Added Member To Class: ClassName=BBB_PCB Member=Component R01 560
Added Member To Class: ClassName=BBB_PCB Member=Component R10 560
Added Member To Class: ClassName=BBB_PCB Member=Component R12 2.7k
Added Member To Class: ClassName=BBB_PCB Member=Component R12 330R
Added Member To Class: ClassName=BBB_PCB Member=Component R21 2.7k
Added Member To Class: ClassName=BBB_PCB Member=Component R? 1.8K
Added Member To Class: ClassName=BBB_PCB Member=Component  330R
Added Member To Class: ClassName=BBB_PCB Member=Component  330
Added Member To Class: ClassName=BBB_PCB Member=Component  330R
Added Member To Class: ClassName=BBB_PCB Member=Component  330R
Added Member To Class: ClassName=BBB_PCB Member=Component  330R
Added Member To Class: ClassName=BBB_PCB Member=Component  330
Added Member To Class: ClassName=BBB_PCB Member=Component  330
Added Member To Class: ClassName=BBB_PCB Member=Component  330
Added Member To Class: ClassName=BBB_PCB Member=Component  330
