Added Pin To Net: NetName=GND Pin=P8-1
Added Pin To Net: NetName=GND Pin=P8-2
Added Pin To Net: NetName=GND Pin=P9-2
Added Pin To Net: NetName=GND Pin=P9-45
Added Pin To Net: NetName=GND Pin=P9-46
Added Pin To Net: NetName=GND Pin=P9-47
Added Pin To Net: NetName=GND Pin=P9-48
Change Net Name : Old Net Name=NetJoystick1_1 New Net Name=NetJoystick_1
Change Net Name : Old Net Name=NetJoystick1_2 New Net Name=NetJoystick_2
Change Net Name : Old Net Name=NetJoystick1_3 New Net Name=NetJoystick_3
Change Net Name : Old Net Name=NetJoystick1_4 New Net Name=NetJoystick_4
Change Net Name : Old Net Name=NetJoystick1_6 New Net Name=NetJoystick_6
Change Net Name : Old Net Name=NetJoystick1_7 New Net Name=NetJoystick_7
Change Net Name : Old Net Name=NetOMNI1_1 New Net Name=NetOMNI_1
Change Net Name : Old Net Name=NetOMNI1_3 New Net Name=NetOMNI_3
Change Net Name : Old Net Name=NetOMNI1_4 New Net Name=NetOMNI_4
Change Net Name : Old Net Name=NetOMNI1_5 New Net Name=NetOMNI_5
Change Net Name : Old Net Name=NetOP_3 New Net Name=NetDAC_8
Change Net Name : Old Net Name=Netpins_10 New Net Name=NetP9_10
Change Net Name : Old Net Name=Netpins_15 New Net Name=NetP9_15
Change Net Name : Old Net Name=Netpins_18 New Net Name=NetDAC_4
Change Net Name : Old Net Name=Netpins_22 New Net Name=NetDAC_3
Change Net Name : Old Net Name=Netpins_23 New Net Name=NetDAC_2
Change Net Name : Old Net Name=Netpins_27 New Net Name=NetDAC_2
Change Net Name : Old Net Name=Netpins_30 New Net Name=NetDAC_4
Change Net Name : Old Net Name=Netpins_31 New Net Name=NetDAC_3
Change Net Name : Old Net Name=Netpins_41 New Net Name=NetCLB_2
Change Net Name : Old Net Name=NetPower1_2 New Net Name=NetR11_2
Change Net Name : Old Net Name=NetU2_8 New Net Name=NetDAC_8
Added Member To Class: ClassName=BBB_PCB Member=Component DAC MCP4921-E/MS
Added Member To Class: ClassName=BBB_PCB Member=Component Power HSMG-C150
Added Member To Class: ClassName=BBB_PCB Member=Component R12 2.7k
