Removed Pin From Net: NetName=GND Pin=R?-1
Removed Pin From Net: NetName=GND Pin=U?-4
Removed Pin From Net: NetName=NetR?_1 Pin=U?-8
Added Pin To Net: NetName=NetU?_8 Pin=U?-8
Added Net: Name=NetU?_8
Added Member To Class: ClassName=BBB_PCB Member=Component D? 1SMB5920BT3G
Added Member To Class: ClassName=BBB_PCB Member=Component P? 5-146280-2
Added Member To Class: ClassName=BBB_PCB Member=Component P? Header 24X2
Added Member To Class: ClassName=BBB_PCB Member=Component R? 1.8K
Added Member To Class: ClassName=BBB_PCB Member=Component R? 1.8K
Added Member To Class: ClassName=BBB_PCB Member=Component R? 470
Added Member To Class: ClassName=BBB_PCB Member=Component R? 330R 1% 0603(1608)
Added Member To Class: ClassName=BBB_PCB Member=Component R? 150
Added Member To Class: ClassName=BBB_PCB Member=Component R? 330
Added Member To Class: ClassName=BBB_PCB Member=Component R? 1K 1% 0805
Added Member To Class: ClassName=BBB_PCB Member=Component R? 1K 1% 0805
Added Member To Class: ClassName=BBB_PCB Member=Component R? 560
Added Member To Class: ClassName=BBB_PCB Member=Component R? 560
Added Member To Class: ClassName=BBB_PCB Member=Component R? 560
Added Member To Class: ClassName=BBB_PCB Member=Component R? 2.7k
Added Member To Class: ClassName=BBB_PCB Member=Component SW? Calibration
Added Member To Class: ClassName=BBB_PCB Member=Component U? LM358
Added Member To Class: ClassName=BBB_PCB Member=Component U? MCP4921-E/MS
